<?xml version="1.0" encoding="UTF-8"?>
<!-- Generated by org.testng.reporters.JUnitXMLReporter -->
<testsuite ignored="0" hostname="LAPTOP-16TD9FC5" failures="0" tests="3" name="Test" time="6.659" errors="0" timestamp="2022-10-09T20:27:11 IST">
  <testcase classname="com.SauceDemo.TestClass.TC01_LoginFunctionality" name="method1" time="0.207"/>
  <testcase classname="com.SauceDemo.TestClass.TC02_LogOutFuntionality" name="LogOutFuntionality" time="0.354"/>
  <testcase classname="com.SauceDemo.TestClass.TC03_BagProductFunctionality" name="BagProductFunctionality" time="0.227"/>
</testsuite> <!-- Test -->
